{
  "RSpec": {
    "coverage": {
      "/Developer/Ruby/TestFromEgeniy/hockey/spec/hockey_spec.rb": [
        1,
        1,
        1,
        null,
        1,
        6,
        null,
        1,
        1,
        1,
        1,
        1,
        1,
        null,
        null,
        1,
        2,
        null,
        null,
        null,
        null,
        1,
        1,
        2,
        null,
        1,
        1,
        1,
        null,
        null,
        1,
        2,
        2,
        null,
        null,
        null,
        1,
        2,
        null,
        1,
        2,
        null,
        null,
        null,
        null,
        null,
        1,
        1,
        2,
        4,
        null,
        1,
        1,
        null,
        null,
        1,
        2,
        1,
        null,
        1,
        1,
        null,
        null,
        null,
        1,
        2,
        2,
        null,
        1,
        1,
        null,
        null,
        null,
        1,
        2,
        2,
        1,
        1,
        null,
        null,
        null,
        1,
        2,
        1,
        2,
        null,
        1,
        1,
        null,
        null,
        null,
        null,
        null
      ],
      "/Developer/Ruby/TestFromEgeniy/hockey/lib/hockey.rb": [
        1,
        1,
        null,
        1,
        9,
        9,
        9,
        null,
        null,
        1,
        12,
        null,
        null,
        1,
        5,
        null,
        5,
        null,
        4,
        null,
        3,
        3,
        null,
        1,
        1,
        null,
        1,
        null,
        1,
        null,
        1,
        1,
        1,
        null,
        1,
        null,
        null,
        null,
        1,
        4,
        1,
        3,
        1,
        null,
        2,
        null,
        null,
        null
      ]
    },
    "timestamp": 1490780192
  }
}
